Step	Res	Acc/Rej	Temp		Nu_pol		Nu_npol		D_pH		D_Elec		D_Self		V_electro
0	51	1	300.000000	4.593064	1.741635	-4.941256	0.566084	-0.350752	-1.707770
50	56	-1	300.000000	3.024583	0.004284	-6.862855	-0.821975	-0.223049	-2.021852
100	45	-1	300.000000	3.061778	5.685863	-4.941256	-0.078205	0.141897	-1.918313
150	12	-1	300.000000	3.229144	1.893896	-4.941256	0.731055	-0.167600	-2.026779
200	32	-1	300.000000	3.770556	3.009168	-4.941256	0.109523	-0.191399	-1.904539
250	51	-1	300.000000	4.566404	1.731772	-4.941256	0.029490	-0.347967	-1.811160
300	12	-1	300.000000	3.105302	1.728070	-4.941256	0.753643	-0.157275	-1.981919
350	19	-1	300.000000	4.169674	4.533579	-4.941256	0.296842	-0.134038	-1.976927
400	38	-1	300.000000	3.842629	6.252728	3.431427	0.616752	-0.164458	-1.945183
450	48	-1	300.000000	4.149316	3.286125	3.431427	1.055689	0.265261	-1.807278
500	48	-1	300.000000	4.136373	3.241901	3.431427	1.027822	0.266520	-1.922625
550	57	-1	300.000000	0.000000	0.000000	-0.686285	0.096943	-0.000000	-1.957011
600	8	-1	300.000000	4.985636	2.287791	4.117713	1.682794	0.352416	-1.809545
650	23	-1	300.000000	3.065642	3.817791	4.117713	0.340646	0.006319	-1.872252
700	58	-1	300.000000	0.000000	0.000000	4.803998	1.972865	0.000000	-1.988199
750	32	-1	300.000000	3.774699	3.485719	-4.941256	0.086051	-0.163645	-1.881856
800	14	-1	300.000000	4.763113	1.553166	-4.941256	0.083995	-0.375308	-2.002469
850	15	-1	300.000000	4.428759	2.290156	-4.941256	0.397203	-0.311566	-1.808381
900	2	-1	300.000000	3.125406	5.600439	-4.941256	0.665797	0.122851	-1.882429
950	58	-1	300.000000	0.000000	0.000000	4.803998	2.095005	0.000000	-1.878282
1000	51	-1	300.000000	4.634690	1.780476	-4.941256	0.063356	-0.354277	-1.869191
1050	8	-1	300.000000	4.978111	2.086162	4.117713	1.732247	0.361415	-1.910755
1100	58	-1	300.000000	0.000000	0.000000	4.803998	0.663208	0.000000	-1.853818
1150	19	-1	300.000000	4.176318	4.506438	-4.941256	0.462137	-0.137437	-1.925360
1200	8	-1	300.000000	4.988933	2.641548	4.117713	1.708839	0.333562	-1.897346
1250	8	-1	300.000000	4.744773	2.387677	4.117713	1.707434	0.323296	-1.808337
1300	56	-1	300.000000	2.993177	0.004086	-6.862855	-3.203143	-0.218444	-1.875425
1350	14	-1	300.000000	4.781392	1.675588	-4.941256	0.077519	-0.373596	-1.906919
1400	54	-1	300.000000	3.722887	0.000345	3.431427	0.671755	0.329461	-1.938615
1450	23	-1	300.000000	3.118043	3.866492	4.117713	0.776017	0.008354	-1.913967
1500	14	-1	300.000000	4.879769	1.684347	-4.941256	0.158356	-0.383360	-1.918956
1550	51	-1	300.000000	4.515477	1.384559	-4.941256	0.064094	-0.352034	-1.852221
1600	14	-1	300.000000	4.852524	1.552154	-4.941256	0.159368	-0.384583	-1.911931
1650	38	-1	300.000000	3.722852	6.910180	3.431427	0.674268	-0.318057	-1.690852
1700	15	-1	300.000000	4.508990	1.818858	-4.941256	0.466524	-0.338400	-1.897916
1750	8	-1	300.000000	4.876316	2.517657	4.117713	1.741846	0.329874	-1.767161
1800	57	-1	300.000000	0.000000	0.000000	-0.686285	0.313079	-0.000000	-1.889039
1850	53	-1	300.000000	4.480280	0.037129	-4.941256	-0.257709	-0.374170	-1.916525
1900	17	-1	300.000000	4.454058	3.542481	3.431427	1.946378	0.291442	-2.018571
1950	58	-1	300.000000	0.000000	0.000000	4.803998	1.987856	0.000000	-1.950232
2000	2	-1	300.000000	2.949205	5.892071	-4.941256	0.743901	0.183493	-1.823035
2050	17	-1	300.000000	4.263464	3.318893	3.431427	1.945936	0.280583	-1.912866
2100	48	-1	300.000000	4.092021	3.223315	3.431427	1.031962	0.260859	-1.919750
2150	32	-1	300.000000	3.773022	2.948041	-4.941256	0.093097	-0.195000	-1.885985
2200	17	-1	300.000000	4.308291	3.509454	3.431427	1.921627	0.272386	-1.955840
2250	10	-1	300.000000	2.302505	1.117745	-4.941256	0.604789	-0.085041	-1.979185
2300	38	-1	300.000000	3.774417	6.502606	3.431427	0.675850	-0.224263	-1.868778
2350	48	-1	300.000000	4.138312	3.269758	3.431427	1.012208	0.264753	-1.905284
2400	12	-1	300.000000	3.186668	1.854651	-4.941256	0.754817	-0.163475	-1.913739
2450	54	-1	300.000000	3.830812	0.000347	3.431427	0.757247	0.347022	-1.935745
2500	10	-1	300.000000	2.402940	1.420596	-4.941256	0.588852	-0.087058	-1.881746
2550	2	-1	300.000000	3.150311	5.498855	-4.941256	0.717494	0.106837	-1.930956
2600	57	1	300.000000	0.000000	0.000000	-0.686285	0.000000	-0.000000	-1.855044
2650	58	-1	300.000000	0.000000	0.000000	4.803998	0.980788	0.000000	-1.879135
2700	56	-1	300.000000	2.846704	0.004142	-6.862855	-0.889510	-0.197483	-1.831824
2750	10	-1	300.000000	2.450337	1.241298	-4.941256	0.591197	-0.096455	-1.739368
2800	8	-1	300.000000	5.060106	2.594906	4.117713	1.700982	0.342565	-1.916976
2850	48	-1	300.000000	4.270619	3.695791	3.431427	1.094642	0.250808	-1.915619
2900	54	-1	300.000000	3.643382	0.000279	3.431427	0.649802	0.316541	-1.767393
2950	17	-1	300.000000	4.292154	3.397182	3.431427	1.908683	0.278930	-1.960239
3000	10	-1	300.000000	2.302981	1.124810	-4.941256	0.529398	-0.084920	-1.861303
3050	56	-1	300.000000	2.883863	0.003945	-6.862855	-2.119533	-0.202718	-1.939061
3100	12	-1	300.000000	3.203548	1.901770	-4.941256	0.764966	-0.164050	-1.925034
3150	54	-1	300.000000	3.729861	0.000290	3.431427	0.659267	0.330596	-1.992407
3200	23	-1	300.000000	3.070467	3.893001	4.117713	0.819232	-0.000073	-1.886593
3250	51	-1	300.000000	4.548676	1.740314	-4.941256	0.029921	-0.345622	-1.837141
3300	10	-1	300.000000	2.389295	1.140737	-4.941256	0.567224	-0.092841	-1.865709
3350	14	-1	300.000000	4.988624	1.865189	-4.941256	0.137743	-0.387923	-1.935446
3400	19	-1	300.000000	4.053785	4.350582	-4.941256	0.445226	-0.135354	-1.898546
3450	57	1	300.000000	0.000000	0.000000	-0.686285	0.000000	-0.000000	-1.927556
3500	45	-1	300.000000	3.047420	5.689869	-4.941256	-0.131327	0.144200	-1.892169
3550	58	-1	300.000000	0.000000	0.000000	4.803998	0.866681	0.000000	-1.729640
3600	32	-1	300.000000	3.758434	3.515458	-4.941256	0.097650	-0.159496	-1.889245
3650	58	-1	300.000000	0.000000	0.000000	4.803998	0.827459	0.000000	-1.898017
3700	10	-1	300.000000	2.322060	1.130778	-4.941256	0.543265	-0.086585	-1.918532
3750	53	-1	300.000000	4.625781	0.036930	-4.941256	-0.215592	-0.391241	-1.918402
3800	56	-1	300.000000	3.028659	0.003923	-6.862855	-0.964903	-0.223655	-1.724861
3850	8	-1	300.000000	4.941458	2.644103	4.117713	1.747190	0.329000	-1.982922
3900	10	-1	300.000000	2.469710	1.195617	-4.941256	0.606512	-0.099542	-1.883633
3950	2	-1	300.000000	3.178116	5.561272	-4.941256	0.762778	0.111176	-1.912822
4000	23	-1	300.000000	3.073872	3.406565	4.117713	0.317642	0.042366	-1.811144
4050	45	-1	300.000000	3.092274	5.671339	-4.941256	-0.140015	0.136199	-1.930061
4100	7	-1	300.000000	3.205857	4.011486	-4.941256	0.388921	-0.050293	-1.806295
4150	32	-1	300.000000	3.803498	3.538175	-4.941256	0.062129	-0.164109	-1.945503
4200	56	-1	300.000000	3.077709	0.004351	-6.862855	-0.878781	-0.230927	-1.913170
4250	10	-1	300.000000	2.378812	1.238048	-4.941256	0.593045	-0.089445	-1.914875
4300	15	-1	300.000000	4.498605	1.835578	-4.941256	0.481602	-0.336610	-1.864312
4350	23	-1	300.000000	3.115498	3.882602	4.117713	0.340777	0.006527	-1.829651
4400	2	-1	300.000000	3.232060	5.549507	-4.941256	0.657513	0.102780	-1.879346
4450	32	-1	300.000000	3.792007	3.062533	-4.941256	0.116406	-0.191391	-1.841749
4500	53	-1	300.000000	4.639648	0.034729	-4.941256	-0.235686	-0.392844	-1.941117
4550	58	-1	300.000000	0.000000	0.000000	4.803998	0.678906	0.000000	-1.923739
4600	23	-1	300.000000	3.146573	3.814661	4.117713	0.812392	0.016742	-1.939296
4650	48	-1	300.000000	4.202928	3.223600	3.431427	1.068922	0.278327	-1.989984
4700	32	-1	300.000000	3.762006	3.042966	-4.941256	0.122167	-0.188399	-1.975726
4750	19	-1	300.000000	4.201067	4.404914	-4.941256	0.438217	-0.149934	-1.949514
4800	45	-1	300.000000	3.096590	5.701855	-4.941256	-0.099406	0.139671	-1.953024
4850	12	-1	300.000000	3.169588	1.977586	-4.941256	0.796720	-0.157107	-1.883016
4900	14	-1	300.000000	4.982267	1.812010	-4.941256	0.120615	-0.389093	-1.897847
4950	19	-1	300.000000	4.312190	4.944130	-4.941256	0.321781	-0.111384	-1.815648
5000	10	-1	300.000000	2.337325	1.158681	-4.941256	0.548321	-0.087376	-1.816323
5050	7	-1	300.000000	3.072651	4.207956	-4.941256	0.302038	-0.017515	-1.880791
5100	7	-1	300.000000	3.235378	4.256687	-4.941256	0.405295	-0.033982	-1.921874
5150	53	-1	300.000000	4.729589	0.037485	-4.941256	-0.232563	-0.402755	-1.808218
5200	15	-1	300.000000	4.353066	1.799301	-4.941256	0.445687	-0.319920	-1.977220
5250	54	-1	300.000000	3.672865	0.000418	3.431427	0.603484	0.321326	-1.776339
5300	53	-1	300.000000	4.687394	0.033275	-4.941256	-0.261351	-0.398201	-1.938023
5350	58	-1	300.000000	0.000000	0.000000	4.803998	0.782995	0.000000	-1.859547
5400	32	-1	300.000000	3.841639	3.168405	-4.941256	0.117769	-0.192147	-1.755684
5450	48	-1	300.000000	4.173492	3.240796	3.431427	1.034022	0.272449	-2.054397
5500	15	-1	300.000000	4.433406	2.334287	-4.941256	0.453642	-0.310345	-1.970500
5550	32	-1	300.000000	3.803886	3.538362	-4.941256	0.049408	-0.164149	-1.871930
5600	19	-1	300.000000	4.158326	4.419026	-4.941256	0.297348	-0.143078	-1.977754
5650	56	-1	300.000000	3.019320	0.004264	-6.862855	-0.767721	-0.222274	-1.852280
5700	8	-1	300.000000	4.932130	2.615788	4.117713	1.729521	0.329756	-1.930751
5750	23	-1	300.000000	3.045567	3.405552	4.117713	0.313727	0.038940	-1.798169
5800	57	1	300.000000	0.000000	0.000000	-0.686285	0.535756	0.000000	-1.815503
5850	32	-1	300.000000	3.703473	3.142950	-4.941256	0.100968	-0.174873	-1.814955
5900	54	-1	300.000000	3.869167	0.000395	3.431427	0.555824	0.353253	-1.845692
5950	32	-1	300.000000	3.778865	3.085888	-4.941256	0.106459	-0.188313	-1.862292
6000	8	-1	300.000000	4.927621	2.625368	4.117713	1.721102	0.328772	-1.858249
6050	51	-1	300.000000	4.602832	1.708727	-4.941256	0.023180	-0.352907	-1.888136
6100	7	-1	300.000000	3.147228	4.099982	-4.941256	0.346183	-0.035774	-1.952034
6150	10	-1	300.000000	2.411796	1.129524	-4.941256	0.640022	-0.095324	-1.788428
6200	15	-1	300.000000	4.691510	2.229188	-4.941256	0.489226	-0.344687	-1.828244
6250	12	-1	300.000000	3.159687	1.917339	-4.941256	0.764432	-0.157935	-1.815903
6300	58	-1	300.000000	0.000000	0.000000	4.803998	1.698536	0.000000	-1.835934
6350	12	-1	300.000000	3.205421	1.874508	-4.941256	0.731778	-0.165208	-1.996821
6400	19	-1	300.000000	4.209168	4.437540	-4.941256	0.441776	-0.148042	-1.814256
6450	2	-1	300.000000	3.114654	5.513329	-4.941256	0.115002	0.113143	-1.868830
6500	38	-1	300.000000	3.664273	6.770020	3.431427	0.423198	-0.297384	-1.914354
6550	15	-1	300.000000	4.659966	2.340561	-4.941256	0.479535	-0.336716	-1.823751
6600	51	-1	300.000000	4.589514	1.741076	-4.941256	0.003750	-0.350359	-2.045407
6650	56	-1	300.000000	3.111260	0.004689	-6.862855	-1.076830	-0.235951	-1.897144
6700	56	-1	300.000000	3.158239	0.004754	-6.862855	-0.975981	-0.243057	-1.774845
6750	8	-1	300.000000	4.976426	2.465307	4.117713	1.617606	0.342315	-1.864903
6800	19	-1	300.000000	4.153483	4.247108	-4.941256	0.448714	-0.157515	-1.936847
6850	54	-1	300.000000	3.813906	0.000379	3.431427	0.541347	0.344272	-1.907060
6900	19	-1	300.000000	4.269286	4.474178	-4.941256	0.488472	-0.152461	-1.786756
6950	45	-1	300.000000	3.096879	5.702802	-4.941256	-0.126703	0.139760	-1.896076
7000	58	-1	300.000000	0.000000	0.000000	4.803998	1.836568	0.000000	-1.922402
7050	57	1	300.000000	0.000000	0.000000	-0.686285	0.502021	0.000000	-1.857717
7100	14	-1	300.000000	4.879292	1.675678	-4.941256	0.085375	-0.383578	-1.925869
7150	7	-1	300.000000	3.287096	3.997300	-4.941256	0.312907	-0.061885	-1.891346
7200	15	-1	300.000000	4.605435	2.359419	-4.941256	0.478082	-0.329754	-1.822001
7250	48	-1	300.000000	4.149836	3.204507	3.431427	1.054442	0.271394	-1.867787
7300	32	-1	300.000000	3.787526	3.461991	-4.941256	0.048644	-0.166920	-1.849098
7350	51	-1	300.000000	4.587550	1.754931	-4.941256	0.039553	-0.349694	-1.816403
7400	58	-1	300.000000	0.000000	0.000000	4.803998	1.134653	0.000000	-1.953172
7450	58	-1	300.000000	0.000000	0.000000	4.803998	0.740164	0.000000	-1.908968
7500	56	-1	300.000000	2.959063	0.004039	-6.862855	-0.788910	-0.213484	-1.884202
7550	15	-1	300.000000	4.668324	2.351904	-4.941256	0.486620	-0.337183	-1.907407
7600	38	-1	300.000000	3.793654	6.456141	3.431427	0.664863	-0.211864	-1.951570
7650	45	-1	300.000000	3.078190	6.047639	-4.941256	-0.091961	0.189707	-1.859890
7700	54	-1	300.000000	3.796948	0.000258	3.431427	0.754474	0.341515	-1.809719
7750	7	-1	300.000000	3.277431	4.520190	-4.941256	0.327959	-0.015885	-1.881884
7800	56	-1	300.000000	3.119541	0.004215	-6.862855	-0.764963	-0.237205	-1.813919
7850	48	-1	300.000000	4.150461	3.297830	3.431427	1.004851	0.264558	-1.901152
7900	51	-1	300.000000	4.602982	1.706633	-4.941256	-0.016153	-0.352989	-2.002255
7950	8	-1	300.000000	4.848606	2.624752	4.117713	1.695947	0.321045	-1.950191
8000	58	-1	300.000000	0.000000	0.000000	4.803998	0.631435	0.000000	-1.892735
8050	54	-1	300.000000	3.775262	0.000451	3.431427	0.539999	0.337982	-1.879357
8100	53	-1	300.000000	4.658327	0.031226	-4.941256	-0.268711	-0.394994	-1.944613
8150	17	-1	300.000000	4.363895	3.422996	3.431427	1.869498	0.287775	-1.816652
8200	38	-1	300.000000	3.662106	6.184592	3.431427	0.608240	-0.181023	-1.814803
8250	15	-1	300.000000	4.488259	1.923320	-4.941256	0.495177	-0.332423	-1.865190
8300	56	-1	300.000000	2.992703	0.004422	-6.862855	-1.038097	-0.218370	-1.775503
8350	14	-1	300.000000	4.808977	1.792497	-4.941256	0.131120	-0.372797	-1.728719
8400	38	-1	300.000000	3.776685	6.003088	3.431427	0.435987	-0.129303	-1.840368
8450	48	-1	300.000000	4.202567	3.311502	3.431427	1.060361	0.271697	-1.921878
8500	14	-1	300.000000	4.860124	1.635877	-4.941256	0.136846	-0.382878	-1.874849
8550	15	-1	300.000000	4.700855	2.268405	-4.941256	0.515603	-0.344167	-1.962479
8600	54	-1	300.000000	3.685723	0.000343	3.431427	0.668226	0.323417	-1.846682
8650	32	-1	300.000000	3.780612	3.450145	-4.941256	0.108762	-0.166743	-1.930199
8700	54	-1	300.000000	3.797179	0.000399	3.431427	0.718408	0.341550	-1.888501
8750	54	-1	300.000000	3.712643	0.000304	3.431427	0.410389	0.327795	-1.851646
8800	14	-1	300.000000	4.956638	1.736516	-4.941256	0.069229	-0.389134	-1.924150
8850	14	-1	300.000000	4.804683	1.764204	-4.941256	0.131106	-0.373260	-1.811947
8900	23	-1	300.000000	3.191341	3.735282	4.117713	0.928742	0.029597	-1.947076
8950	57	1	300.000000	0.000000	0.000000	-0.686285	0.308329	0.000000	-1.943105
9000	56	-1	300.000000	3.036623	0.004347	-6.862855	-0.812701	-0.224824	-1.865024
9050	57	1	300.000000	0.000000	0.000000	-0.686285	0.000000	-0.000000	-1.927378
9100	10	-1	300.000000	2.340439	1.187753	-4.941256	0.660598	-0.086972	-1.840770
9150	23	-1	300.000000	2.996463	3.623536	4.117713	0.858952	0.015018	-1.855340
9200	17	-1	300.000000	4.288174	3.340928	3.431427	1.889258	0.282693	-1.937802
9250	8	-1	300.000000	4.916951	2.634702	4.117713	1.724340	0.327207	-1.944060
9300	57	-1	300.000000	0.000000	0.000000	-0.686285	0.215080	-0.000000	-1.813022
9350	48	-1	300.000000	4.142590	3.208551	3.431427	1.029050	0.269956	-1.773167
9400	54	-1	300.000000	3.695836	0.000322	3.431427	0.689532	0.325061	-1.841830
9450	38	-1	300.000000	3.561951	6.655191	3.431427	0.693518	-0.289866	-1.849455
9500	51	-1	300.000000	4.619377	1.696222	-4.941256	0.075862	-0.355189	-1.966248
9550	23	-1	300.000000	3.012899	3.833068	4.117713	0.349185	-0.001585	-1.925804
9600	15	-1	300.000000	4.518791	1.852178	-4.941256	0.471461	-0.338472	-1.823752
9650	56	-1	300.000000	3.093011	0.004585	-6.862855	-3.022943	-0.233212	-1.821986
9700	53	-1	300.000000	4.616675	0.031831	-4.941256	-0.268789	-0.390272	-1.968479
9750	2	-1	300.000000	3.299000	5.563015	-4.941256	0.682456	0.095829	-1.925190
9800	7	-1	300.000000	3.048391	4.533451	-4.941256	0.272788	0.014391	-1.994109
9850	12	-1	300.000000	3.154637	1.961180	-4.941256	0.776335	-0.155784	-1.886139
9900	38	-1	300.000000	3.765339	6.830029	3.431427	0.687841	-0.293769	-1.731270
9950	23	-1	300.000000	3.121773	3.823415	4.117713	0.827090	0.012812	-1.919012
10000	48	-1	300.000000	4.146362	3.295737	3.431427	1.025227	0.264070	-1.799008
